<?xml version="1.0" encoding="utf-8"?><testsuites name="pytest tests"><testsuite name="pytest" errors="0" failures="0" skipped="0" tests="170" time="21.967" timestamp="2026-08-28T12:09:55.714622+03:00" hostname="DEV-81"><testcase classname="tests.test_addressing" name="test_exact_recall_top1_always" time="0.044" /><testcase classname="tests.test_addressing" name="test_correlated_query_found" time="0.041" /><testcase classname="tests.test_addressing" name="test_random_query_low_false_positive" time="0.042" /><testcase classname="tests.test_addressing" name="test_votes_scale_with_overlap" time="0.001" /><testcase classname="tests.test_addressing" name="test_write_dedupe_keeps_votes_stable" time="0.001" /><testcase classname="tests.test_addressing" name="test_bucket_cap_evicts_oldest" time="0.001" /><testcase classname="tests.test_addressing" name="test_load_factor_and_empty_query" time="0.001" /><testcase classname="tests.test_addressing" name="test_out_of_range_unit_raises" time="0.001" /><testcase classname="tests.test_addressing" name="test_state_roundtrip" time="0.003" /><testcase classname="tests.test_assembly" name="test_bind_then_spread_reaches_partner_not_stranger" time="0.001" /><testcase classname="tests.test_assembly" name="test_pair_cap_both_directions" time="0.001" /><testcase classname="tests.test_assembly" name="test_self_bind_creates_intra_pattern_edges" time="0.001" /><testcase classname="tests.test_assembly" name="test_decay_reduces_then_prunes_all" time="0.001" /><testcase classname="tests.test_assembly" name="test_spread_multihop_two_steps" time="0.001" /><testcase classname="tests.test_assembly" name="test_spread_validation_and_empty" time="0.000" /><testcase classname="tests.test_assembly" name="test_neighbors_and_weights" time="0.001" /><testcase classname="tests.test_assembly" name="test_state_roundtrip_preserves_spread" time="0.001" /><testcase classname="tests.test_embedder_local" name="test_dim_matches_model" time="0.957" /><testcase classname="tests.test_embedder_local" name="test_deterministic_and_normalized" time="0.136" /><testcase classname="tests.test_embedder_local" name="test_query_and_passage_shapes" time="0.138" /><testcase classname="tests.test_embedder_local" name="test_blank_is_zero_vector" time="0.001" /><testcase classname="tests.test_embedder_local" name="test_related_beats_unrelated" time="0.270" /><testcase classname="tests.test_fts" name="test_tokenize_and_fts_expr" time="0.001" /><testcase classname="tests.test_fts" name="test_store_fts_match_and_sync" time="0.029" /><testcase classname="tests.test_fts" name="test_recall_finds_exact_token_via_keyword_channel" time="0.023" /><testcase classname="tests.test_fts" name="test_keyword_channel_respects_scope" time="0.029" /><testcase classname="tests.test_fts" name="test_noise_abstention_unchanged" time="0.030" /><testcase classname="tests.test_fts" name="test_probe_merges_keyword_candidates" time="0.030" /><testcase classname="tests.test_fts" name="test_fastembed_threshold_profile_exists" time="0.000" /><testcase classname="tests.test_hippocampus_integration" name="test_recall_matches_exact_cosine_baseline" time="0.081" /><testcase classname="tests.test_hippocampus_integration" name="test_gate_decisions_end_to_end" time="0.026" /><testcase classname="tests.test_hippocampus_integration" name="test_update_fact_supersedes_old" time="0.031" /><testcase classname="tests.test_hippocampus_integration" name="test_abstention_on_unknown_topic" time="0.025" /><testcase classname="tests.test_hippocampus_integration" name="test_feedback_boosts_retention" time="0.031" /><testcase classname="tests.test_hippocampus_integration" name="test_negative_feedback_weakens_trace" time="0.029" /><testcase classname="tests.test_hippocampus_integration" name="test_zero_feedback_is_neutral" time="0.021" /><testcase classname="tests.test_hippocampus_integration" name="test_repeated_negative_feedback_never_promotes" time="0.041" /><testcase classname="tests.test_hippocampus_integration" name="test_recall_encodes_queries_via_embed_query" time="0.025" /><testcase classname="tests.test_hippocampus_integration" name="test_forgetting_after_long_idle" time="0.021" /><testcase classname="tests.test_hippocampus_integration" name="test_consolidation_promotes_to_semantic" time="0.052" /><testcase classname="tests.test_hippocampus_integration" name="test_associative_link_surfaces_partner" time="0.073" /><testcase classname="tests.test_hippocampus_integration" name="test_related_ids_create_edges_after_consolidation" time="0.038" /><testcase classname="tests.test_hippocampus_integration" name="test_save_reload_identical_behaviour" time="0.048" /><testcase classname="tests.test_hippocampus_integration" name="test_input_validation" time="0.022" /><testcase classname="tests.test_hippocampus_integration" name="test_stats_shape" time="0.029" /><testcase classname="tests.test_hook_cli" name="test_brief_emits_valid_session_start_json" time="0.046" /><testcase classname="tests.test_hook_cli" name="test_brief_plain_lists_semantic" time="0.056" /><testcase classname="tests.test_hook_cli" name="test_brief_includes_strong_episodic" time="0.049" /><testcase classname="tests.test_hook_cli" name="test_brief_respects_project_scope" time="0.043" /><testcase classname="tests.test_hook_cli" name="test_sleep_skips_when_nothing_new" time="0.045" /><testcase classname="tests.test_hook_cli" name="test_sleep_runs_when_dirty" time="0.057" /><testcase classname="tests.test_hook_cli" name="test_sleep_on_missing_dir_is_safe" time="0.037" /><testcase classname="tests.test_isolation_identity" name="test_namespaces_are_isolated" time="0.055" /><testcase classname="tests.test_isolation_identity" name="test_invalid_namespace_rejected[../evil]" time="0.002" /><testcase classname="tests.test_isolation_identity" name="test_invalid_namespace_rejected[]" time="0.002" /><testcase classname="tests.test_isolation_identity" name="test_invalid_namespace_rejected[.hidden]" time="0.002" /><testcase classname="tests.test_isolation_identity" name="test_invalid_namespace_rejected[a/b]" time="0.002" /><testcase classname="tests.test_isolation_identity" name="test_invalid_namespace_rejected[xxxxxxxxxxxxxxxxxxxxxxxxxxxxxxxxxxxxxxxxxxxxxxxxxxxxxxxxxxxxxxxxx]" time="0.002" /><testcase classname="tests.test_isolation_identity" name="test_embedder_identity_enforced" time="0.032" /><testcase classname="tests.test_isolation_identity" name="test_legacy_unlabeled_db_adopts_current_embedder" time="0.054" /><testcase classname="tests.test_isolation_identity" name="test_store_meta_roundtrip" time="0.021" /><testcase classname="tests.test_isolation_identity" name="test_verify_embedder_off_for_vectorless_tools" time="0.031" /><testcase classname="tests.test_mcp_e2e" name="test_full_tool_cycle" time="1.841" /><testcase classname="tests.test_mcp_guard" name="test_module_imports_without_mcp" time="0.002" /><testcase classname="tests.test_mcp_guard" name="test_build_server_wire_or_clear_error" time="0.681" /><testcase classname="tests.test_multi_process_state" name="test_eligibility_from_a_reaches_b_consolidation" time="0.056" /><testcase classname="tests.test_multi_process_state" name="test_decision_counters_survive_process_restart" time="0.030" /><testcase classname="tests.test_multi_process_state" name="test_reward_from_a_strengthens_edges_committed_by_b" time="0.040" /><testcase classname="tests.test_multi_process_state" name="test_concurrent_consolidations_do_not_double_decay" time="0.054" /><testcase classname="tests.test_multi_process_state" name="test_legacy_snapshot_and_journal_imported_once" time="0.086" /><testcase classname="tests.test_multi_process_state" name="test_db_config_geometry_guard" time="0.027" /><testcase classname="tests.test_network" name="test_health_and_heartbeat_presence" time="0.573" /><testcase classname="tests.test_network" name="test_wrong_token_rejected" time="0.517" /><testcase classname="tests.test_network" name="test_unreachable_is_transport_error" time="1.502" /><testcase classname="tests.test_network" name="test_publish_search_and_filters" time="0.663" /><testcase classname="tests.test_network" name="test_sync_pushes_registry_and_recall_finds_it" time="0.566" /><testcase classname="tests.test_network" name="test_retract_travels_on_second_sync" time="0.565" /><testcase classname="tests.test_network" name="test_network_failure_keeps_decisions_pending" time="1.540" /><testcase classname="tests.test_network" name="test_mcp_tool_hidden_without_coordinator" time="0.067" /><testcase classname="tests.test_network" name="test_peer_serves_only_published" time="0.530" /><testcase classname="tests.test_network" name="test_peer_embedder_mismatch_rejected" time="0.543" /><testcase classname="tests.test_network" name="test_recall_team_live_then_cache_fallback" time="2.603" /><testcase classname="tests.test_network" name="test_gc_before_sync_auto_retracts" time="0.566" /><testcase classname="tests.test_network" name="test_auto_sync_hook_after_sleep" time="0.649" /><testcase classname="tests.test_novelty_decay" name="test_gate_threshold_mapping" time="0.000" /><testcase classname="tests.test_novelty_decay" name="test_retention_monotone_and_semantic_slower" time="0.000" /><testcase classname="tests.test_novelty_decay" name="test_reinforce_values_bump_and_cap" time="0.000" /><testcase classname="tests.test_novelty_decay" name="test_should_promote_boundaries" time="0.000" /><testcase classname="tests.test_novelty_decay" name="test_config_validation" time="0.000" /><testcase classname="tests.test_novelty_decay" name="test_flat_noise_abstention_is_opt_in" time="0.000" /><testcase classname="tests.test_ops" name="test_backup_readable_and_rotates" time="0.048" /><testcase classname="tests.test_ops" name="test_backup_keep_zero_disables_rotation" time="0.049" /><testcase classname="tests.test_ops" name="test_schema_version_recorded" time="0.018" /><testcase classname="tests.test_ops" name="test_consolidate_makes_backup" time="0.040" /><testcase classname="tests.test_ops" name="test_hook_failure_visible_in_stderr" time="0.004" /><testcase classname="tests.test_ops" name="test_sleep_failure_reported_as_event" time="0.042" /><testcase classname="tests.test_plasticity" name="test_merge_pairs_aggregates_duplicates" time="0.001" /><testcase classname="tests.test_plasticity" name="test_commit_applies_decay_and_clears" time="0.000" /><testcase classname="tests.test_plasticity" name="test_reward_amplifies_pending_only" time="0.000" /><testcase classname="tests.test_plasticity" name="test_negative_reward_zeroes_contribution" time="0.000" /><testcase classname="tests.test_plasticity" name="test_fully_decayed_commit_is_empty" time="0.000" /><testcase classname="tests.test_plasticity" name="test_reward_scopes_to_source_ids" time="0.000" /><testcase classname="tests.test_plasticity" name="test_state_roundtrip" time="0.000" /><testcase classname="tests.test_plasticity" name="test_invalid_inputs" time="0.000" /><testcase classname="tests.test_report" name="test_report_on_populated_memory" time="0.063" /><testcase classname="tests.test_report" name="test_report_on_empty_dir" time="0.002" /><testcase classname="tests.test_scopes" name="test_project_facts_isolated_global_visible" time="0.034" /><testcase classname="tests.test_scopes" name="test_gate_does_not_merge_across_scopes" time="0.029" /><testcase classname="tests.test_scopes" name="test_update_fact_inherits_scope" time="0.024" /><testcase classname="tests.test_scopes" name="test_invalid_scope_rejected" time="0.028" /><testcase classname="tests.test_scopes" name="test_scope_counts" time="0.023" /><testcase classname="tests.test_scopes" name="test_legacy_db_without_scope_column_migrates" time="0.070" /><testcase classname="tests.test_scopes" name="test_resolve_explicit_wins" time="0.001" /><testcase classname="tests.test_scopes" name="test_resolve_from_env" time="0.000" /><testcase classname="tests.test_scopes" name="test_resolve_from_zcode_project_dir" time="0.000" /><testcase classname="tests.test_scopes" name="test_resolve_none_outside_repo" time="0.002" /><testcase classname="tests.test_scopes" name="test_resolve_cwd_with_git_marker" time="0.002" /><testcase classname="tests.test_scopes" name="test_normalize_slug" time="0.000" /><testcase classname="tests.test_scopes" name="test_mcp_tools_pass_scope" time="0.088" /><testcase classname="tests.test_sdr" name="test_encoder_deterministic_sorted_unique" time="0.002" /><testcase classname="tests.test_sdr" name="test_wrong_shape_raises" time="0.001" /><testcase classname="tests.test_sdr" name="test_zero_vector_conventions" time="0.001" /><testcase classname="tests.test_sdr" name="test_overlap_monotone_in_cosine" time="0.019" /><testcase classname="tests.test_sdr" name="test_metrics_basics" time="0.000" /><testcase classname="tests.test_sdr" name="test_calibration_stats" time="0.011" /><testcase classname="tests.test_store_journal" name="test_insert_get_roundtrip" time="0.026" /><testcase classname="tests.test_store_journal" name="test_get_missing_returns_none" time="0.021" /><testcase classname="tests.test_store_journal" name="test_get_many_preserves_order_skips_missing" time="0.027" /><testcase classname="tests.test_store_journal" name="test_update_trace_and_supersede" time="0.023" /><testcase classname="tests.test_store_journal" name="test_events_roundtrip" time="0.032" /><testcase classname="tests.test_store_journal" name="test_gate_decisions_and_recall_stats" time="0.021" /><testcase classname="tests.test_store_journal" name="test_elig_add_reward_drain" time="0.028" /><testcase classname="tests.test_store_journal" name="test_edges_apply_decay_prune_accumulate" time="0.040" /><testcase classname="tests.test_store_journal" name="test_edges_import_preserves_tick" time="0.035" /><testcase classname="tests.test_store_journal" name="test_bump_consume_meta_int" time="0.024" /><testcase classname="tests.test_store_journal" name="test_meta_roundtrip_json_config" time="0.027" /><testcase classname="tests.test_team" name="test_fresh_db_is_v2_with_author_and_publications" time="0.030" /><testcase classname="tests.test_team" name="test_legacy_db_upgrades_to_v2" time="0.063" /><testcase classname="tests.test_team" name="test_remember_stamps_author" time="0.028" /><testcase classname="tests.test_team" name="test_resolve_identity_prefers_explicit_then_env" time="0.020" /><testcase classname="tests.test_team" name="test_policy_yaml_roundtrip_keeps_unknown_keys" time="0.006" /><testcase classname="tests.test_team" name="test_classify_ladder" time="0.003" /><testcase classname="tests.test_team" name="test_publish_and_tombstone_roundtrip" time="0.034" /><testcase classname="tests.test_team" name="test_publish_refuses_never_rules_whole_batch" time="0.030" /><testcase classname="tests.test_team" name="test_publish_refuses_foreign_authorship" time="0.027" /><testcase classname="tests.test_team" name="test_tui_headless_smoke" time="0.571" /><testcase classname="tests.test_team" name="test_foreign_close_trace_downgrades_to_link" time="0.026" /><testcase classname="tests.test_team" name="test_same_author_still_reinforces" time="0.029" /><testcase classname="tests.test_team" name="test_legacy_empty_author_reinforce_compat" time="0.040" /><testcase classname="tests.test_team" name="test_identityless_writer_unchanged" time="0.042" /><testcase classname="tests.test_team" name="test_foreign_below_link_threshold_creates" time="0.031" /><testcase classname="tests.test_v05_changes" name="test_exact_mode_default_on_and_off_by_flag" time="0.045" /><testcase classname="tests.test_v05_changes" name="test_exact_engine_finds_weak_overlap_target_beyond_vote_window" time="1.380" /><testcase classname="tests.test_v05_changes" name="test_fallback_to_votes_above_trace_cap" time="0.033" /><testcase classname="tests.test_v05_changes" name="test_results_stable_across_reopen" time="0.040" /><testcase classname="tests.test_v05_changes" name="test_iterators_tolerate_concurrent_write_on_same_connection" time="0.033" /><testcase classname="tests.test_v05_changes" name="test_events_prune_keeps_latest" time="0.027" /><testcase classname="tests.test_v05_changes" name="test_backup_throttled_by_interval_meta" time="0.061" /><testcase classname="tests.test_v05_changes" name="test_same_second_backups_distinct_names" time="0.043" /><testcase classname="tests.test_v05_changes" name="test_consolidate_respects_backup_interval_and_prunes_journal" time="0.039" /><testcase classname="tests.test_v05_changes" name="test_journal_rotation_triggered_in_consolidate" time="0.036" /><testcase classname="tests.test_v05_changes" name="test_single_char_query_tokens_do_not_break_full_match" time="0.023" /><testcase classname="tests.test_v05_changes" name="test_exact_relative_abstain_fires_and_bypasses" time="0.030" /><testcase classname="tests.test_v05_changes" name="test_cli_geometry_flags_applied" time="0.020" /><testcase classname="tests.test_v05_changes" name="test_schema_version_intact_for_v04_base" time="0.070" /><testcase classname="tests.test_v05_changes" name="test_gc_deletes_zombies_keeps_reinforced" time="0.065" /><testcase classname="tests.test_v05_changes" name="test_gc_respects_grace_after_negative_feedback" time="0.034" /><testcase classname="tests.test_v05_changes" name="test_gc_disabled_leaves_everything" time="0.035" /><testcase classname="tests.test_v05_changes" name="test_gc_never_touches_superseded_history" time="0.047" /><testcase classname="tests.test_v05_changes" name="test_elig_sources_cleaned_by_forget" time="0.048" /></testsuite></testsuites>